#
# A fatal error has been detected by the Java Runtime Environment:
#
#  Internal Error (assembler_x86.cpp:1105), pid=19432, tid=19104
#  Error: ShouldNotReachHere()
#
# JRE version: OpenJDK Runtime Environment Temurin-17.0.11+9 (17.0.11+9) (build 17.0.11+9)
# Java VM: OpenJDK 64-Bit Server VM Temurin-17.0.11+9 (17.0.11+9, mixed mode, tiered, compressed oops, compressed class ptrs, g1 gc, windows-amd64)
# No core dump will be written. Minidumps are not enabled by default on client versions of Windows
#
# If you would like to submit a bug report, please visit:
#   https://github.com/adoptium/adoptium-support/issues
#

---------------  S U M M A R Y ------------

Command Line: -XX:+ShowCodeDetailsInExceptionMessages com.springdemo.cardapio.CardapioApplication

Host: 11th Gen Intel(R) Core(TM) i5-11300H @ 3.10GHz, 8 cores, 15G,  Windows 11 , 64 bit Build 22621 (10.0.22621.3672)
Time: Wed Jun 19 16:21:08 2024 Hora oficial do Brasil elapsed time: 3.104459 seconds (0d 0h 0m 3s)

---------------  T H R E A D  ---------------

Current thread (0x00000251aa99e7a0):  GCTaskThread "GC Thread#1" [stack: 0x000000e24a400000,0x000000e24a500000] [id=19104]

Stack: [0x000000e24a400000,0x000000e24a500000]
Native frames: (J=compiled Java code, j=interpreted, Vv=VM code, C=native code)
V  [jvm.dll+0x67d429]
V  [jvm.dll+0x834b7a]
V  [jvm.dll+0x83663e]
V  [jvm.dll+0x836c57]
V  [jvm.dll+0x247cea]
V  [jvm.dll+0x247c23]
V  [jvm.dll+0xd26ac]
V  [jvm.dll+0x6cd872]
V  [jvm.dll+0x230796]
V  [jvm.dll+0x2318a3]
V  [jvm.dll+0x653418]
V  [jvm.dll+0x687fa3]
V  [jvm.dll+0x30a803]
V  [jvm.dll+0x86241b]
V  [jvm.dll+0x862466]
V  [jvm.dll+0x7e410a]
V  [jvm.dll+0x67c315]
C  [ucrtbase.dll+0x29333]
C  [KERNEL32.DLL+0x1257d]
C  [ntdll.dll+0x5af28]


---------------  P R O C E S S  ---------------

Threads class SMR info:
_java_thread_list=0x00000251ab5d98b0, length=16, elements={
0x00000251878c2f00, 0x00000251a59a5020, 0x00000251a59a58f0, 0x00000251a59d4a40,
0x00000251a59d5510, 0x00000251a59d9f00, 0x00000251a59da7d0, 0x00000251a59dd490,
0x00000251a59dde50, 0x00000251a59e1c60, 0x00000251a5b50390, 0x00000251a5b587b0,
0x00000251a5c0a240, 0x00000251aa969ea0, 0x00000251aa74f810, 0x00000251aae16520
}

Java Threads: ( => current thread )
  0x00000251878c2f00 JavaThread "main" [_thread_blocked, id=12268, stack(0x000000e248e00000,0x000000e248f00000)]
  0x00000251a59a5020 JavaThread "Reference Handler" daemon [_thread_blocked, id=18280, stack(0x000000e249500000,0x000000e249600000)]
  0x00000251a59a58f0 JavaThread "Finalizer" daemon [_thread_blocked, id=17900, stack(0x000000e249600000,0x000000e249700000)]
  0x00000251a59d4a40 JavaThread "Signal Dispatcher" daemon [_thread_blocked, id=15940, stack(0x000000e249700000,0x000000e249800000)]
  0x00000251a59d5510 JavaThread "Attach Listener" daemon [_thread_blocked, id=19528, stack(0x000000e249800000,0x000000e249900000)]
  0x00000251a59d9f00 JavaThread "Service Thread" daemon [_thread_blocked, id=17744, stack(0x000000e249900000,0x000000e249a00000)]
  0x00000251a59da7d0 JavaThread "Monitor Deflation Thread" daemon [_thread_blocked, id=1948, stack(0x000000e249a00000,0x000000e249b00000)]
  0x00000251a59dd490 JavaThread "C2 CompilerThread0" daemon [_thread_blocked, id=2756, stack(0x000000e249b00000,0x000000e249c00000)]
  0x00000251a59dde50 JavaThread "C1 CompilerThread0" daemon [_thread_blocked, id=20192, stack(0x000000e249c00000,0x000000e249d00000)]
  0x00000251a59e1c60 JavaThread "Sweeper thread" daemon [_thread_blocked, id=21632, stack(0x000000e249d00000,0x000000e249e00000)]
  0x00000251a5b50390 JavaThread "Notification Thread" daemon [_thread_blocked, id=1844, stack(0x000000e249e00000,0x000000e249f00000)]
  0x00000251a5b587b0 JavaThread "Common-Cleaner" daemon [_thread_blocked, id=19196, stack(0x000000e24a000000,0x000000e24a100000)]
  0x00000251a5c0a240 JavaThread "C2 CompilerThread1" daemon [_thread_blocked, id=4668, stack(0x000000e24a100000,0x000000e24a200000)]
  0x00000251aa969ea0 JavaThread "Thread-0" [_thread_blocked, id=17296, stack(0x000000e24a200000,0x000000e24a300000)]
  0x00000251aa74f810 JavaThread "restartedMain" [_thread_blocked, id=7308, stack(0x000000e24a300000,0x000000e24a400000)]
  0x00000251aae16520 JavaThread "C2 CompilerThread2" daemon [_thread_blocked, id=2232, stack(0x000000e24ad00000,0x000000e24ae00000)]

Other Threads:
  0x00000251a597e830 VMThread "VM Thread" [stack: 0x000000e249400000,0x000000e249500000] [id=12748]
  0x00000251a5b50c80 WatcherThread [stack: 0x000000e249f00000,0x000000e24a000000] [id=6016]
  0x0000025187937090 GCTaskThread "GC Thread#0" [stack: 0x000000e248f00000,0x000000e249000000] [id=18108]
=>0x00000251aa99e7a0 GCTaskThread "GC Thread#1" [stack: 0x000000e24a400000,0x000000e24a500000] [id=19104]
  0x00000251aa99ed20 GCTaskThread "GC Thread#2" [stack: 0x000000e24a500000,0x000000e24a600000] [id=20592]
  0x00000251aa99f560 GCTaskThread "GC Thread#3" [stack: 0x000000e24a600000,0x000000e24a700000] [id=7296]
  0x00000251aa99fda0 GCTaskThread "GC Thread#4" [stack: 0x000000e24a700000,0x000000e24a800000] [id=17544]
  0x00000251aa9a0060 GCTaskThread "GC Thread#5" [stack: 0x000000e24a800000,0x000000e24a900000] [id=19720]
  0x00000251aa99efe0 GCTaskThread "GC Thread#6" [stack: 0x000000e24aa00000,0x000000e24ab00000] [id=11516]
  0x00000251aa9a0320 GCTaskThread "GC Thread#7" [stack: 0x000000e24ab00000,0x000000e24ac00000] [id=1832]
  0x0000025187947b80 ConcurrentGCThread "G1 Main Marker" [stack: 0x000000e249000000,0x000000e249100000] [id=16364]
  0x0000025187948c50 ConcurrentGCThread "G1 Conc#0" [stack: 0x000000e249100000,0x000000e249200000] [id=11044]
  0x00000251aa99ea60 ConcurrentGCThread "G1 Conc#1" [stack: 0x000000e24ac00000,0x000000e24ad00000] [id=14216]
  0x000002518796ec00 ConcurrentGCThread "G1 Refine#0" [stack: 0x000000e249200000,0x000000e249300000] [id=5092]
  0x00000251a57f0c90 ConcurrentGCThread "G1 Service" [stack: 0x000000e249300000,0x000000e249400000] [id=21132]

Threads with active compile tasks:
C2 CompilerThread0     3123 3808       4       java.lang.invoke.LambdaForm$Name::replaceNames (175 bytes)
C2 CompilerThread1     3123 3872   !   4       org.springframework.util.ReflectionUtils::doWithMethods (186 bytes)
C2 CompilerThread2     3123 3873       4       org.springframework.core.annotation.AnnotationFilter::matches (11 bytes)

VM state: at safepoint (normal execution)

VM Mutex/Monitor currently owned by a thread:  ([mutex/lock_event])
[0x00000251878bdee0] Threads_lock - owner thread: 0x00000251a597e830
[0x00000251878be5a0] Heap_lock - owner thread: 0x0000025187947b80

Heap address: 0x0000000703600000, size: 4042 MB, Compressed Oops mode: Zero based, Oop shift amount: 3

CDS archive(s) not mapped
Compressed class space mapped at: 0x0000000800000000-0x0000000840000000, reserved size: 1073741824
Narrow klass base: 0x0000000800000000, Narrow klass shift: 0, Narrow klass range: 0x40000000

GC Precious Log:
 CPUs: 8 total, 8 available
 Memory: 16167M
 Large Page Support: Disabled
 NUMA Support: Disabled
 Compressed Oops: Enabled (Zero based)
 Heap Region Size: 2M
 Heap Min Capacity: 8M
 Heap Initial Capacity: 254M
 Heap Max Capacity: 4042M
 Pre-touch: Disabled
 Parallel Workers: 8
 Concurrent Workers: 2
 Concurrent Refinement Workers: 8
 Periodic GC: Disabled

Heap:
 garbage-first heap   total 49152K, used 17307K [0x0000000703600000, 0x0000000800000000)
  region size 2048K, 3 young (6144K), 2 survivors (4096K)
 Metaspace       used 35764K, committed 36224K, reserved 1114112K
  class space    used 4383K, committed 4608K, reserved 1048576K

Heap Regions: E=young(eden), S=young(survivor), O=old, HS=humongous(starts), HC=humongous(continues), CS=collection set, F=free, OA=open archive, CA=closed archive, TAMS=top-at-mark-start (previous, next)
|   0|0x0000000703600000, 0x0000000703800000, 0x0000000703800000|100%| O|  |TAMS 0x0000000703800000, 0x0000000703800000| Untracked 
|   1|0x0000000703800000, 0x0000000703a00000, 0x0000000703a00000|100%| O|  |TAMS 0x0000000703a00000, 0x0000000703a00000| Untracked 
|   2|0x0000000703a00000, 0x0000000703c00000, 0x0000000703c00000|100%| O|  |TAMS 0x0000000703c00000, 0x0000000703c00000| Untracked 
|   3|0x0000000703c00000, 0x0000000703deae08, 0x0000000703e00000| 95%| O|  |TAMS 0x0000000703c00000, 0x0000000703c83c00| Untracked 
|   4|0x0000000703e00000, 0x0000000704000000, 0x0000000704000000|100%| O|  |TAMS 0x0000000703e00000, 0x0000000704000000| Untracked 
|   5|0x0000000704000000, 0x0000000704200000, 0x0000000704200000|100%| O|  |TAMS 0x0000000704000000, 0x0000000704200000| Untracked 
|   6|0x0000000704200000, 0x0000000704400000, 0x0000000704400000|100%| O|  |TAMS 0x0000000704200000, 0x0000000704400000| Untracked 
|   7|0x0000000704400000, 0x0000000704400000, 0x0000000704600000|  0%| F|  |TAMS 0x0000000704400000, 0x0000000704400000| Untracked 
|   8|0x0000000704600000, 0x0000000704600000, 0x0000000704800000|  0%| F|  |TAMS 0x0000000704600000, 0x0000000704600000| Untracked 
|   9|0x0000000704800000, 0x0000000704800000, 0x0000000704a00000|  0%| F|  |TAMS 0x0000000704800000, 0x0000000704800000| Untracked 
|  10|0x0000000704a00000, 0x0000000704a00000, 0x0000000704c00000|  0%| F|  |TAMS 0x0000000704a00000, 0x0000000704a00000| Untracked 
|  11|0x0000000704c00000, 0x0000000704c00000, 0x0000000704e00000|  0%| F|  |TAMS 0x0000000704c00000, 0x0000000704c00000| Untracked 
|  12|0x0000000704e00000, 0x0000000704e00000, 0x0000000705000000|  0%| F|  |TAMS 0x0000000704e00000, 0x0000000704e00000| Untracked 
|  13|0x0000000705000000, 0x0000000705000000, 0x0000000705200000|  0%| F|  |TAMS 0x0000000705000000, 0x0000000705000000| Untracked 
|  14|0x0000000705200000, 0x0000000705200000, 0x0000000705400000|  0%| F|  |TAMS 0x0000000705200000, 0x0000000705200000| Untracked 
|  15|0x0000000705400000, 0x0000000705400000, 0x0000000705600000|  0%| F|  |TAMS 0x0000000705400000, 0x0000000705400000| Untracked 
|  16|0x0000000705600000, 0x00000007056fbe50, 0x0000000705800000| 49%| S|CS|TAMS 0x0000000705600000, 0x0000000705600000| Complete 
|  17|0x0000000705800000, 0x0000000705a00000, 0x0000000705a00000|100%| S|CS|TAMS 0x0000000705800000, 0x0000000705800000| Complete 
|  18|0x0000000705a00000, 0x0000000705a00000, 0x0000000705c00000|  0%| F|  |TAMS 0x0000000705a00000, 0x0000000705a00000| Untracked 
|  19|0x0000000705c00000, 0x0000000705c00000, 0x0000000705e00000|  0%| F|  |TAMS 0x0000000705c00000, 0x0000000705c00000| Untracked 
|  20|0x0000000705e00000, 0x0000000705e00000, 0x0000000706000000|  0%| F|  |TAMS 0x0000000705e00000, 0x0000000705e00000| Untracked 
| 119|0x0000000712400000, 0x0000000712400000, 0x0000000712600000|  0%| F|  |TAMS 0x0000000712400000, 0x0000000712400000| Untracked 
| 120|0x0000000712600000, 0x0000000712600000, 0x0000000712800000|  0%| F|  |TAMS 0x0000000712600000, 0x0000000712600000| Untracked 
| 126|0x0000000713200000, 0x000000071329afa8, 0x0000000713400000| 30%| E|  |TAMS 0x0000000713200000, 0x0000000713200000| Complete 

Card table byte_map: [0x000002519a070000,0x000002519a860000] _byte_map_base: 0x0000025196855000

Marking Bits (Prev, Next): (CMBitMap*) 0x0000025187937600, (CMBitMap*) 0x00000251879375c0
 Prev Bits: [0x000002519ef80000, 0x00000251a2ea8000)
 Next Bits: [0x000002519b050000, 0x000002519ef78000)

Polling page: 0x0000025185850000

Metaspace:

Usage:
  Non-class:     30.65 MB used.
      Class:      4.28 MB used.
       Both:     34.93 MB used.

Virtual space:
  Non-class space:       64.00 MB reserved,      30.88 MB ( 48%) committed,  1 nodes.
      Class space:        1.00 GB reserved,       4.50 MB ( <1%) committed,  1 nodes.
             Both:        1.06 GB reserved,      35.38 MB (  3%) committed. 

Chunk freelists:
   Non-Class:  880.00 KB
       Class:  11.39 MB
        Both:  12.25 MB

MaxMetaspaceSize: unlimited
CompressedClassSpaceSize: 1.00 GB
Initial GC threshold: 21.00 MB
Current GC threshold: 35.56 MB
CDS: off
MetaspaceReclaimPolicy: balanced
 - commit_granule_bytes: 65536.
 - commit_granule_words: 8192.
 - virtual_space_node_default_size: 8388608.
 - enlarge_chunks_in_place: 1.
 - new_chunks_are_fully_committed: 0.
 - uncommit_free_chunks: 1.
 - use_allocation_guard: 0.
 - handle_deallocations: 1.


Internal statistics:

num_allocs_failed_limit: 8.
num_arena_births: 518.
num_arena_deaths: 0.
num_vsnodes_births: 2.
num_vsnodes_deaths: 0.
num_space_committed: 566.
num_space_uncommitted: 0.
num_chunks_returned_to_freelist: 8.
num_chunks_taken_from_freelist: 1573.
num_chunk_merges: 8.
num_chunk_splits: 1047.
num_chunks_enlarged: 745.
num_inconsistent_stats: 0.

CodeHeap 'non-profiled nmethods': size=120000Kb used=2204Kb max_used=2204Kb free=117796Kb
 bounds [0x0000025192020000, 0x0000025192290000, 0x0000025199550000]
CodeHeap 'profiled nmethods': size=120000Kb used=8330Kb max_used=8330Kb free=111669Kb
 bounds [0x000002518a550000, 0x000002518ad80000, 0x0000025191a80000]
CodeHeap 'non-nmethods': size=5760Kb used=1231Kb max_used=1268Kb free=4528Kb
 bounds [0x0000025191a80000, 0x0000025191cf0000, 0x0000025192020000]
 total_blobs=4394 nmethods=3873 adapters=433
 compilation: enabled
              stopped_count=0, restarted_count=0
 full_count=0

Compilation events (20 events):
Event: 3.060 Thread 0x00000251a59dde50 3878   !   3       org.springframework.beans.factory.support.FactoryBeanRegistrySupport::getTypeForFactoryBean (22 bytes)
Event: 3.060 Thread 0x00000251a59dde50 nmethod 3878 0x000002518ad70610 code [0x000002518ad707e0, 0x000002518ad70af8]
Event: 3.063 Thread 0x00000251a59dde50 3879       3       java.util.ImmutableCollections$ListN::<init> (15 bytes)
Event: 3.064 Thread 0x00000251a59dde50 nmethod 3879 0x000002518ad70c10 code [0x000002518ad70dc0, 0x000002518ad710b8]
Event: 3.067 Thread 0x00000251a5c0a240 nmethod 3815 0x000002519223cd10 code [0x000002519223d0e0, 0x0000025192240438]
Event: 3.067 Thread 0x00000251a5c0a240 3872   !   4       org.springframework.util.ReflectionUtils::doWithMethods (186 bytes)
Event: 3.070 Thread 0x00000251a59dde50 3880       3       java.lang.AbstractStringBuilder::setLength (66 bytes)
Event: 3.071 Thread 0x00000251a59dde50 nmethod 3880 0x000002518ad71210 code [0x000002518ad71440, 0x000002518ad71bb8]
Event: 3.096 Thread 0x00000251aae16520 nmethod 3868 0x0000025192241f90 code [0x0000025192242360, 0x0000025192244920]
Event: 3.096 Thread 0x00000251aae16520 3863       4       org.springframework.core.annotation.MergedAnnotations$Search$$Lambda$28/0x00000008000a9168::test (8 bytes)
Event: 3.096 Thread 0x00000251aae16520 nmethod 3863 0x0000025192246710 code [0x0000025192246880, 0x0000025192246918]
Event: 3.096 Thread 0x00000251aae16520 3864       4       java.util.Collections$EmptyMap::values (4 bytes)
Event: 3.096 Thread 0x00000251aae16520 nmethod 3864 0x0000025192246a10 code [0x0000025192246b80, 0x0000025192246bf8]
Event: 3.096 Thread 0x00000251aae16520 3866       4       java.util.Collections$EmptySet::toArray (11 bytes)
Event: 3.097 Thread 0x00000251aae16520 nmethod 3866 0x0000025192246d10 code [0x0000025192246e80, 0x0000025192246f18]
Event: 3.097 Thread 0x00000251aae16520 3873       4       org.springframework.core.annotation.AnnotationFilter::matches (11 bytes)
Event: 3.097 Thread 0x00000251a59dde50 3882       3       java.lang.Module::getClassLoader (20 bytes)
Event: 3.097 Thread 0x00000251a59dde50 nmethod 3882 0x000002518ad71f10 code [0x000002518ad720c0, 0x000002518ad723e8]
Event: 3.097 Thread 0x00000251a59dde50 3883       3       java.nio.Buffer::mark (10 bytes)
Event: 3.098 Thread 0x00000251a59dde50 nmethod 3883 0x000002518ad72510 code [0x000002518ad726a0, 0x000002518ad727b8]

GC Heap History (18 events):
Event: 0.542 GC heap before
{Heap before GC invocations=0 (full 0):
 garbage-first heap   total 260096K, used 22528K [0x0000000703600000, 0x0000000800000000)
  region size 2048K, 11 young (22528K), 0 survivors (0K)
 Metaspace       used 11536K, committed 11648K, reserved 1114112K
  class space    used 1233K, committed 1280K, reserved 1048576K
}
Event: 0.546 GC heap after
{Heap after GC invocations=1 (full 0):
 garbage-first heap   total 260096K, used 6026K [0x0000000703600000, 0x0000000800000000)
  region size 2048K, 2 young (4096K), 2 survivors (4096K)
 Metaspace       used 11536K, committed 11648K, reserved 1114112K
  class space    used 1233K, committed 1280K, reserved 1048576K
}
Event: 0.900 GC heap before
{Heap before GC invocations=1 (full 0):
 garbage-first heap   total 260096K, used 30602K [0x0000000703600000, 0x0000000800000000)
  region size 2048K, 14 young (28672K), 2 survivors (4096K)
 Metaspace       used 18019K, committed 18304K, reserved 1114112K
  class space    used 2038K, committed 2176K, reserved 1048576K
}
Event: 0.903 GC heap after
{Heap after GC invocations=2 (full 0):
 garbage-first heap   total 260096K, used 7975K [0x0000000703600000, 0x0000000800000000)
  region size 2048K, 1 young (2048K), 1 survivors (2048K)
 Metaspace       used 18019K, committed 18304K, reserved 1114112K
  class space    used 2038K, committed 2176K, reserved 1048576K
}
Event: 1.029 GC heap before
{Heap before GC invocations=2 (full 0):
 garbage-first heap   total 260096K, used 18215K [0x0000000703600000, 0x0000000800000000)
  region size 2048K, 7 young (14336K), 1 survivors (2048K)
 Metaspace       used 21306K, committed 21504K, reserved 1114112K
  class space    used 2442K, committed 2560K, reserved 1048576K
}
Event: 1.032 GC heap after
{Heap after GC invocations=3 (full 0):
 garbage-first heap   total 260096K, used 9125K [0x0000000703600000, 0x0000000800000000)
  region size 2048K, 2 young (4096K), 2 survivors (4096K)
 Metaspace       used 21306K, committed 21504K, reserved 1114112K
  class space    used 2442K, committed 2560K, reserved 1048576K
}
Event: 1.351 GC heap before
{Heap before GC invocations=4 (full 0):
 garbage-first heap   total 49152K, used 31653K [0x0000000703600000, 0x0000000800000000)
  region size 2048K, 14 young (28672K), 2 survivors (4096K)
 Metaspace       used 25433K, committed 25728K, reserved 1114112K
  class space    used 3000K, committed 3136K, reserved 1048576K
}
Event: 1.356 GC heap after
{Heap after GC invocations=5 (full 0):
 garbage-first heap   total 49152K, used 11894K [0x0000000703600000, 0x0000000800000000)
  region size 2048K, 2 young (4096K), 2 survivors (4096K)
 Metaspace       used 25433K, committed 25728K, reserved 1114112K
  class space    used 3000K, committed 3136K, reserved 1048576K
}
Event: 1.385 GC heap before
{Heap before GC invocations=5 (full 0):
 garbage-first heap   total 49152K, used 13942K [0x0000000703600000, 0x0000000800000000)
  region size 2048K, 3 young (6144K), 2 survivors (4096K)
 Metaspace       used 25617K, committed 25856K, reserved 1114112K
  class space    used 3008K, committed 3136K, reserved 1048576K
}
Event: 1.388 GC heap after
{Heap after GC invocations=6 (full 0):
 garbage-first heap   total 49152K, used 12254K [0x0000000703600000, 0x0000000800000000)
  region size 2048K, 1 young (2048K), 1 survivors (2048K)
 Metaspace       used 25617K, committed 25856K, reserved 1114112K
  class space    used 3008K, committed 3136K, reserved 1048576K
}
Event: 1.689 GC heap before
{Heap before GC invocations=6 (full 0):
 garbage-first heap   total 49152K, used 28638K [0x0000000703600000, 0x0000000800000000)
  region size 2048K, 9 young (18432K), 1 survivors (2048K)
 Metaspace       used 27400K, committed 27712K, reserved 1114112K
  class space    used 3221K, committed 3392K, reserved 1048576K
}
Event: 1.691 GC heap after
{Heap after GC invocations=7 (full 0):
 garbage-first heap   total 49152K, used 12936K [0x0000000703600000, 0x0000000800000000)
  region size 2048K, 1 young (2048K), 1 survivors (2048K)
 Metaspace       used 27400K, committed 27712K, reserved 1114112K
  class space    used 3221K, committed 3392K, reserved 1048576K
}
Event: 2.230 GC heap before
{Heap before GC invocations=7 (full 0):
 garbage-first heap   total 49152K, used 31368K [0x0000000703600000, 0x0000000800000000)
  region size 2048K, 10 young (20480K), 1 survivors (2048K)
 Metaspace       used 30317K, committed 30720K, reserved 1114112K
  class space    used 3654K, committed 3840K, reserved 1048576K
}
Event: 2.232 GC heap after
{Heap after GC invocations=8 (full 0):
 garbage-first heap   total 49152K, used 14376K [0x0000000703600000, 0x0000000800000000)
  region size 2048K, 2 young (4096K), 2 survivors (4096K)
 Metaspace       used 30317K, committed 30720K, reserved 1114112K
  class space    used 3654K, committed 3840K, reserved 1048576K
}
Event: 2.835 GC heap before
{Heap before GC invocations=8 (full 0):
 garbage-first heap   total 49152K, used 32808K [0x0000000703600000, 0x0000000800000000)
  region size 2048K, 11 young (22528K), 2 survivors (4096K)
 Metaspace       used 33679K, committed 34048K, reserved 1114112K
  class space    used 4155K, committed 4352K, reserved 1048576K
}
Event: 2.838 GC heap after
{Heap after GC invocations=9 (full 0):
 garbage-first heap   total 49152K, used 16282K [0x0000000703600000, 0x0000000800000000)
  region size 2048K, 2 young (4096K), 2 survivors (4096K)
 Metaspace       used 33679K, committed 34048K, reserved 1114112K
  class space    used 4155K, committed 4352K, reserved 1048576K
}
Event: 3.081 GC heap before
{Heap before GC invocations=9 (full 0):
 garbage-first heap   total 49152K, used 26522K [0x0000000703600000, 0x0000000800000000)
  region size 2048K, 8 young (16384K), 2 survivors (4096K)
 Metaspace       used 35671K, committed 36096K, reserved 1114112K
  class space    used 4370K, committed 4608K, reserved 1048576K
}
Event: 3.084 GC heap after
{Heap after GC invocations=10 (full 0):
 garbage-first heap   total 49152K, used 17307K [0x0000000703600000, 0x0000000800000000)
  region size 2048K, 2 young (4096K), 2 survivors (4096K)
 Metaspace       used 35671K, committed 36096K, reserved 1114112K
  class space    used 4370K, committed 4608K, reserved 1048576K
}

Dll operation events (8 events):
Event: 0.009 Loaded shared library C:\Users\gabri\.vscode\extensions\redhat.java-1.31.0-win32-x64\jre\17.0.11-win32-x86_64\bin\java.dll
Event: 0.112 Loaded shared library C:\Users\gabri\.vscode\extensions\redhat.java-1.31.0-win32-x64\jre\17.0.11-win32-x86_64\bin\net.dll
Event: 0.114 Loaded shared library C:\Users\gabri\.vscode\extensions\redhat.java-1.31.0-win32-x64\jre\17.0.11-win32-x86_64\bin\nio.dll
Event: 0.118 Loaded shared library C:\Users\gabri\.vscode\extensions\redhat.java-1.31.0-win32-x64\jre\17.0.11-win32-x86_64\bin\zip.dll
Event: 0.202 Loaded shared library C:\Users\gabri\.vscode\extensions\redhat.java-1.31.0-win32-x64\jre\17.0.11-win32-x86_64\bin\jimage.dll
Event: 0.455 Loaded shared library C:\Users\gabri\.vscode\extensions\redhat.java-1.31.0-win32-x64\jre\17.0.11-win32-x86_64\bin\management.dll
Event: 0.458 Loaded shared library C:\Users\gabri\.vscode\extensions\redhat.java-1.31.0-win32-x64\jre\17.0.11-win32-x86_64\bin\management_ext.dll
Event: 1.177 Loaded shared library C:\Users\gabri\.vscode\extensions\redhat.java-1.31.0-win32-x64\jre\17.0.11-win32-x86_64\bin\sunmscapi.dll

Deoptimization events (20 events):
Event: 2.992 Thread 0x00000251aa74f810 Uncommon trap: trap_request=0xffffffbe fr.pc=0x0000025192238a1c relative=0x000000000000005c
Event: 2.992 Thread 0x00000251aa74f810 Uncommon trap: reason=profile_predicate action=maybe_recompile pc=0x0000025192238a1c method=java.net.URI$Parser.scan(IIJJ)I @ 3 c2
Event: 2.992 Thread 0x00000251aa74f810 DEOPT PACKING pc=0x0000025192238a1c sp=0x000000e24a3fd210
Event: 2.992 Thread 0x00000251aa74f810 DEOPT UNPACKING pc=0x0000025191ada1a3 sp=0x000000e24a3fd198 mode 2
Event: 2.992 Thread 0x00000251aa74f810 Uncommon trap: trap_request=0xffffffbe fr.pc=0x0000025192238a1c relative=0x000000000000005c
Event: 2.992 Thread 0x00000251aa74f810 Uncommon trap: reason=profile_predicate action=maybe_recompile pc=0x0000025192238a1c method=java.net.URI$Parser.scan(IIJJ)I @ 3 c2
Event: 2.992 Thread 0x00000251aa74f810 DEOPT PACKING pc=0x0000025192238a1c sp=0x000000e24a3fd130
Event: 2.992 Thread 0x00000251aa74f810 DEOPT UNPACKING pc=0x0000025191ada1a3 sp=0x000000e24a3fd0b8 mode 2
Event: 2.992 Thread 0x00000251aa74f810 Uncommon trap: trap_request=0xffffffbe fr.pc=0x0000025192238a1c relative=0x000000000000005c
Event: 2.992 Thread 0x00000251aa74f810 Uncommon trap: reason=profile_predicate action=maybe_recompile pc=0x0000025192238a1c method=java.net.URI$Parser.scan(IIJJ)I @ 3 c2
Event: 2.992 Thread 0x00000251aa74f810 DEOPT PACKING pc=0x0000025192238a1c sp=0x000000e24a3fd210
Event: 2.992 Thread 0x00000251aa74f810 DEOPT UNPACKING pc=0x0000025191ada1a3 sp=0x000000e24a3fd198 mode 2
Event: 2.999 Thread 0x00000251aa74f810 Uncommon trap: trap_request=0xffffff76 fr.pc=0x000002519223a194 relative=0x00000000000001d4
Event: 2.999 Thread 0x00000251aa74f810 Uncommon trap: reason=predicate action=maybe_recompile pc=0x000002519223a194 method=java.net.URI$Parser.scan(IIJJ)I @ 6 c2
Event: 2.999 Thread 0x00000251aa74f810 DEOPT PACKING pc=0x000002519223a194 sp=0x000000e24a3fd490
Event: 2.999 Thread 0x00000251aa74f810 DEOPT UNPACKING pc=0x0000025191ada1a3 sp=0x000000e24a3fd408 mode 2
Event: 3.033 Thread 0x00000251aa74f810 Uncommon trap: trap_request=0xffffff45 fr.pc=0x00000251921ccee0 relative=0x0000000000000060
Event: 3.033 Thread 0x00000251aa74f810 Uncommon trap: reason=unstable_if action=reinterpret pc=0x00000251921ccee0 method=java.lang.ClassLoader.createOrGetClassLoaderValueMap()Ljava/util/concurrent/ConcurrentHashMap; @ 6 c2
Event: 3.033 Thread 0x00000251aa74f810 DEOPT PACKING pc=0x00000251921ccee0 sp=0x000000e24a3fbc20
Event: 3.033 Thread 0x00000251aa74f810 DEOPT UNPACKING pc=0x0000025191ada1a3 sp=0x000000e24a3fbba8 mode 2

Classes unloaded (0 events):
No events

Classes redefined (0 events):
No events

Internal exceptions (20 events):
Event: 2.497 Thread 0x00000251aa74f810 Implicit null exception at 0x00000251921c20fa to 0x00000251921c2594
Event: 2.517 Thread 0x00000251aa74f810 Exception <a 'java/lang/NoSuchMethodError'{0x0000000705d73868}: 'void java.lang.invoke.DirectMethodHandle$Holder.invokeStatic(java.lang.Object, java.lang.Object, int)'> (0x0000000705d73868) 
thrown [s\src\hotspot\share\interpreter\linkResolver.cpp, line 759]
Event: 2.601 Thread 0x00000251aa74f810 Exception <a 'java/lang/NoSuchMethodError'{0x0000000705b77280}: 'void java.lang.invoke.DirectMethodHandle$Holder.invokeInterface(java.lang.Object, java.lang.Object, int)'> (0x0000000705b77280) 
thrown [s\src\hotspot\share\interpreter\linkResolver.cpp, line 759]
Event: 2.614 Thread 0x00000251aa74f810 Exception <a 'java/lang/IncompatibleClassChangeError'{0x0000000705bc7268}: Found class java.lang.Object, but interface was expected> (0x0000000705bc7268) 
thrown [s\src\hotspot\share\interpreter\linkResolver.cpp, line 826]
Event: 2.615 Thread 0x00000251aa74f810 Exception <a 'java/lang/NoSuchMethodError'{0x0000000705bd7da0}: 'int java.lang.invoke.DirectMethodHandle$Holder.invokeSpecialIFC(java.lang.Object, java.lang.Object, java.lang.Object)'> (0x0000000705bd7da0) 
thrown [s\src\hotspot\share\interpreter\linkResolver.cpp, line 759]
Event: 2.618 Thread 0x00000251aa74f810 Exception <a 'java/lang/NoSuchMethodError'{0x0000000705bf0ae8}: 'void java.lang.invoke.DirectMethodHandle$Holder.invokeStatic(java.lang.Object, int, java.lang.Object)'> (0x0000000705bf0ae8) 
thrown [s\src\hotspot\share\interpreter\linkResolver.cpp, line 759]
Event: 2.632 Thread 0x00000251aa74f810 Exception <a 'java/lang/NoSuchMethodError'{0x0000000705848590}: 'void java.lang.invoke.DirectMethodHandle$Holder.invokeVirtual(java.lang.Object, java.lang.Object, int)'> (0x0000000705848590) 
thrown [s\src\hotspot\share\interpreter\linkResolver.cpp, line 759]
Event: 2.633 Thread 0x00000251aa74f810 Exception <a 'java/lang/NoSuchMethodError'{0x000000070584e878}: 'void java.lang.invoke.DirectMethodHandle$Holder.invokeStatic(java.lang.Object, java.lang.Object, java.lang.Object, int, java.lang.Object)'> (0x000000070584e878) 
thrown [s\src\hotspot\share\interpreter\linkResolver.cpp, line 759]
Event: 2.634 Thread 0x00000251aa74f810 Exception <a 'java/lang/NoSuchMethodError'{0x00000007058560f0}: 'java.lang.Object java.lang.invoke.DirectMethodHandle$Holder.newInvokeSpecial(java.lang.Object, java.lang.Object, java.lang.Object, int)'> (0x00000007058560f0) 
thrown [s\src\hotspot\share\interpreter\linkResolver.cpp, line 759]
Event: 2.634 Thread 0x00000251aa74f810 Exception <a 'java/lang/NoSuchMethodError'{0x000000070585a3d8}: 'java.lang.Object java.lang.invoke.DirectMethodHandle$Holder.invokeSpecial(java.lang.Object, java.lang.Object, java.lang.Object, java.lang.Object, int)'> (0x000000070585a3d8) 
thrown [s\src\hotspot\share\interpreter\linkResolver.cpp, line 759]
Event: 2.634 Thread 0x00000251aa74f810 Exception <a 'java/lang/NoSuchMethodError'{0x000000070585dfa0}: 'java.lang.Object java.lang.invoke.Invokers$Holder.linkToTargetMethod(java.lang.Object, java.lang.Object, int, java.lang.Object)'> (0x000000070585dfa0) 
thrown [s\src\hotspot\share\interpreter\linkResolver.cpp, line 759]
Event: 2.766 Thread 0x00000251aa74f810 Exception <a 'java/lang/NoSuchMethodError'{0x0000000705443d18}: 'java.lang.Object java.lang.invoke.DirectMethodHandle$Holder.invokeStaticInit(java.lang.Object, int, int, int, int)'> (0x0000000705443d18) 
thrown [s\src\hotspot\share\interpreter\linkResolver.cpp, line 759]
Event: 2.819 Thread 0x00000251aa74f810 Exception <a 'java/lang/NoSuchMethodError'{0x0000000705530818}: 'java.lang.Object java.lang.invoke.DirectMethodHandle$Holder.invokeStaticInit(java.lang.Object, java.lang.Object, int, int, int, int)'> (0x0000000705530818) 
thrown [s\src\hotspot\share\interpreter\linkResolver.cpp, line 759]
Event: 2.928 Thread 0x00000251aa74f810 Exception <a 'sun/nio/fs/WindowsException'{0x0000000705e6f8c8}> (0x0000000705e6f8c8) 
thrown [s\src\hotspot\share\prims\jni.cpp, line 516]
Event: 2.929 Thread 0x00000251aa74f810 Exception <a 'sun/nio/fs/WindowsException'{0x0000000705e752c0}> (0x0000000705e752c0) 
thrown [s\src\hotspot\share\prims\jni.cpp, line 516]
Event: 2.929 Thread 0x00000251aa74f810 Exception <a 'sun/nio/fs/WindowsException'{0x0000000705e75998}> (0x0000000705e75998) 
thrown [s\src\hotspot\share\prims\jni.cpp, line 516]
Event: 2.959 Thread 0x00000251aa74f810 Exception <a 'java/lang/NoSuchMethodError'{0x0000000705fb2a08}: 'java.lang.Object java.lang.invoke.DirectMethodHandle$Holder.invokeSpecial(java.lang.Object, java.lang.Object, long, java.lang.Object, java.lang.Object, java.lang.Object, java.lang.Object, java.lang.Object, java.lang.Object)'> (0x0000000705fb2a08) 
thrown [s\src\hotspot\share\interpreter\linkResolver.cpp, line 759]
Event: 2.960 Thread 0x00000251aa74f810 Exception <a 'java/lang/NoSuchMethodError'{0x0000000705fb7530}: 'java.lang.Object java.lang.invoke.DelegatingMethodHandle$Holder.reinvoke_L(java.lang.Object, long, java.lang.Object, java.lang.Object, java.lang.Object, java.lang.Object, java.lang.Object, java.lang.Object)'> (0x0000000705fb7530) 
thrown [s\src\hotspot\share\interpreter\linkResolver.cpp, line 759]
Event: 2.995 Thread 0x00000251aa74f810 Exception <a 'java/io/FileNotFoundException'{0x0000000705d0e060}> (0x0000000705d0e060) 
thrown [s\src\hotspot\share\prims\jni.cpp, line 516]
Event: 3.014 Thread 0x00000251aa74f810 Exception <a 'java/lang/NoSuchMethodError'{0x0000000705a6efd0}: 'int java.lang.invoke.DirectMethodHandle$Holder.invokeInterface(java.lang.Object, java.lang.Object, java.lang.Object, java.lang.Object)'> (0x0000000705a6efd0) 
thrown [s\src\hotspot\share\interpreter\linkResolver.cpp, line 759]

VM Operations (20 events):
Event: 2.509 Executing VM operation: HandshakeAllThreads done
Event: 2.590 Executing VM operation: ICBufferFull
Event: 2.590 Executing VM operation: ICBufferFull done
Event: 2.719 Executing VM operation: HandshakeAllThreads
Event: 2.731 Executing VM operation: HandshakeAllThreads done
Event: 2.784 Executing VM operation: HandshakeAllThreads
Event: 2.784 Executing VM operation: HandshakeAllThreads done
Event: 2.834 Executing VM operation: G1CollectForAllocation
Event: 2.838 Executing VM operation: G1CollectForAllocation done
Event: 2.898 Executing VM operation: HandshakeAllThreads
Event: 2.898 Executing VM operation: HandshakeAllThreads done
Event: 2.975 Executing VM operation: HandshakeAllThreads
Event: 2.975 Executing VM operation: HandshakeAllThreads done
Event: 3.049 Executing VM operation: HandshakeAllThreads
Event: 3.049 Executing VM operation: HandshakeAllThreads done
Event: 3.050 Executing VM operation: HandshakeAllThreads
Event: 3.050 Executing VM operation: HandshakeAllThreads done
Event: 3.081 Executing VM operation: CollectForMetadataAllocation
Event: 3.084 Executing VM operation: CollectForMetadataAllocation done
Event: 3.099 Executing VM operation: G1PauseRemark

Events (20 events):
Event: 2.955 loading class java/lang/invoke/BoundMethodHandle$Species_LLLLLLLLLL
Event: 2.955 loading class java/lang/invoke/BoundMethodHandle$Species_LLLLLLLLLL done
Event: 2.956 loading class java/lang/invoke/BoundMethodHandle$Species_LLLLLLLLLLL
Event: 2.956 loading class java/lang/invoke/BoundMethodHandle$Species_LLLLLLLLLLL done
Event: 2.957 loading class java/lang/invoke/BoundMethodHandle$Species_LLLLLLLLLLLL
Event: 2.957 loading class java/lang/invoke/BoundMethodHandle$Species_LLLLLLLLLLLL done
Event: 2.959 loading class java/lang/invoke/BoundMethodHandle$Species_LLLLLLLLLLLLL
Event: 2.959 loading class java/lang/invoke/BoundMethodHandle$Species_LLLLLLLLLLLLL done
Event: 2.970 loading class java/lang/invoke/VarHandleLongs$FieldInstanceReadWrite
Event: 2.970 loading class java/lang/invoke/VarHandleLongs$FieldInstanceReadOnly
Event: 2.970 loading class java/lang/invoke/VarHandleLongs$FieldInstanceReadOnly done
Event: 2.970 loading class java/lang/invoke/VarHandleLongs$FieldInstanceReadWrite done
Event: 2.970 loading class java/util/concurrent/atomic/Striped64$1
Event: 2.970 loading class java/util/concurrent/atomic/Striped64$1 done
Event: 3.063 loading class java/util/stream/SortedOps$SizedRefSortingSink
Event: 3.063 loading class java/util/stream/SortedOps$SizedRefSortingSink done
Event: 3.085 loading class javax/net/ssl/SSLException
Event: 3.085 loading class javax/net/ssl/SSLException done
Event: 3.085 loading class java/io/EOFException
Event: 3.085 loading class java/io/EOFException done


Dynamic libraries:
0x00007ff63f610000 - 0x00007ff63f61e000 	C:\Users\gabri\.vscode\extensions\redhat.java-1.31.0-win32-x64\jre\17.0.11-win32-x86_64\bin\java.exe
0x00007fff35eb0000 - 0x00007fff360c7000 	C:\Windows\SYSTEM32\ntdll.dll
0x00007fff34440000 - 0x00007fff34504000 	C:\Windows\System32\KERNEL32.DLL
0x00007fff334a0000 - 0x00007fff3384c000 	C:\Windows\System32\KERNELBASE.dll
0x00007fff33380000 - 0x00007fff33491000 	C:\Windows\System32\ucrtbase.dll
0x00007fff16fa0000 - 0x00007fff16fb7000 	C:\Users\gabri\.vscode\extensions\redhat.java-1.31.0-win32-x64\jre\17.0.11-win32-x86_64\bin\jli.dll
0x00007fff18e80000 - 0x00007fff18e9b000 	C:\Users\gabri\.vscode\extensions\redhat.java-1.31.0-win32-x64\jre\17.0.11-win32-x86_64\bin\VCRUNTIME140.dll
0x00007fff35a10000 - 0x00007fff35bbe000 	C:\Windows\System32\USER32.dll
0x00007fff1a250000 - 0x00007fff1a4e3000 	C:\Windows\WinSxS\amd64_microsoft.windows.common-controls_6595b64144ccf1df_6.0.22621.3672_none_2713b9d173822955\COMCTL32.dll
0x00007fff331e0000 - 0x00007fff33206000 	C:\Windows\System32\win32u.dll
0x00007fff35d60000 - 0x00007fff35e07000 	C:\Windows\System32\msvcrt.dll
0x00007fff345c0000 - 0x00007fff345e9000 	C:\Windows\System32\GDI32.dll
0x00007fff338f0000 - 0x00007fff33a09000 	C:\Windows\System32\gdi32full.dll
0x00007fff33850000 - 0x00007fff338ea000 	C:\Windows\System32\msvcp_win.dll
0x00007fff343b0000 - 0x00007fff343e1000 	C:\Windows\System32\IMM32.DLL
0x00007fff16dc0000 - 0x00007fff16dcc000 	C:\Users\gabri\.vscode\extensions\redhat.java-1.31.0-win32-x64\jre\17.0.11-win32-x86_64\bin\vcruntime140_1.dll
0x00007fff010a0000 - 0x00007fff0112d000 	C:\Users\gabri\.vscode\extensions\redhat.java-1.31.0-win32-x64\jre\17.0.11-win32-x86_64\bin\msvcp140.dll
0x00007ffeebb80000 - 0x00007ffeec7e2000 	C:\Users\gabri\.vscode\extensions\redhat.java-1.31.0-win32-x64\jre\17.0.11-win32-x86_64\bin\server\jvm.dll
0x00007fff33da0000 - 0x00007fff33e52000 	C:\Windows\System32\ADVAPI32.dll
0x00007fff34510000 - 0x00007fff345ba000 	C:\Windows\System32\sechost.dll
0x00007fff33bc0000 - 0x00007fff33be8000 	C:\Windows\System32\bcrypt.dll
0x00007fff34850000 - 0x00007fff34965000 	C:\Windows\System32\RPCRT4.dll
0x00007fff0c150000 - 0x00007fff0c159000 	C:\Windows\SYSTEM32\WSOCK32.dll
0x00007fff2e640000 - 0x00007fff2e674000 	C:\Windows\SYSTEM32\WINMM.dll
0x00007fff323c0000 - 0x00007fff3240d000 	C:\Windows\SYSTEM32\POWRPROF.dll
0x00007fff35bc0000 - 0x00007fff35c31000 	C:\Windows\System32\WS2_32.dll
0x00007fff2e5f0000 - 0x00007fff2e5fa000 	C:\Windows\SYSTEM32\VERSION.dll
0x00007fff323a0000 - 0x00007fff323b3000 	C:\Windows\SYSTEM32\UMPDC.dll
0x00007fff32240000 - 0x00007fff32258000 	C:\Windows\SYSTEM32\kernel.appcore.dll
0x00007fff16730000 - 0x00007fff1673a000 	C:\Users\gabri\.vscode\extensions\redhat.java-1.31.0-win32-x64\jre\17.0.11-win32-x86_64\bin\jimage.dll
0x00007fff30560000 - 0x00007fff30792000 	C:\Windows\SYSTEM32\DBGHELP.DLL
0x00007fff34bc0000 - 0x00007fff34f48000 	C:\Windows\System32\combase.dll
0x00007fff34fc0000 - 0x00007fff35097000 	C:\Windows\System32\OLEAUT32.dll
0x00007fff22740000 - 0x00007fff22772000 	C:\Windows\SYSTEM32\dbgcore.DLL
0x00007fff33b40000 - 0x00007fff33bbb000 	C:\Windows\System32\bcryptPrimitives.dll
0x00007fff09850000 - 0x00007fff09875000 	C:\Users\gabri\.vscode\extensions\redhat.java-1.31.0-win32-x64\jre\17.0.11-win32-x86_64\bin\java.dll
0x00007fff146f0000 - 0x00007fff14708000 	C:\Users\gabri\.vscode\extensions\redhat.java-1.31.0-win32-x64\jre\17.0.11-win32-x86_64\bin\zip.dll
0x00007fff351a0000 - 0x00007fff359fc000 	C:\Windows\System32\SHELL32.dll
0x00007fff310e0000 - 0x00007fff319d7000 	C:\Windows\SYSTEM32\windows.storage.dll
0x00007fff30fa0000 - 0x00007fff310df000 	C:\Windows\SYSTEM32\wintypes.dll
0x00007fff345f0000 - 0x00007fff346e4000 	C:\Windows\System32\SHCORE.dll
0x00007fff35d00000 - 0x00007fff35d5e000 	C:\Windows\System32\shlwapi.dll
0x00007fff33110000 - 0x00007fff33131000 	C:\Windows\SYSTEM32\profapi.dll
0x00007fff09800000 - 0x00007fff09819000 	C:\Users\gabri\.vscode\extensions\redhat.java-1.31.0-win32-x64\jre\17.0.11-win32-x86_64\bin\net.dll
0x00007fff2fa10000 - 0x00007fff2fb46000 	C:\Windows\SYSTEM32\WINHTTP.dll
0x00007fff32720000 - 0x00007fff32789000 	C:\Windows\system32\mswsock.dll
0x00007fff097e0000 - 0x00007fff097f6000 	C:\Users\gabri\.vscode\extensions\redhat.java-1.31.0-win32-x64\jre\17.0.11-win32-x86_64\bin\nio.dll
0x00007fff14a30000 - 0x00007fff14a39000 	C:\Users\gabri\.vscode\extensions\redhat.java-1.31.0-win32-x64\jre\17.0.11-win32-x86_64\bin\management.dll
0x00007fff144b0000 - 0x00007fff144bb000 	C:\Users\gabri\.vscode\extensions\redhat.java-1.31.0-win32-x64\jre\17.0.11-win32-x86_64\bin\management_ext.dll
0x00007fff33f20000 - 0x00007fff33f28000 	C:\Windows\System32\PSAPI.DLL
0x00007fff09840000 - 0x00007fff0984e000 	C:\Users\gabri\.vscode\extensions\redhat.java-1.31.0-win32-x64\jre\17.0.11-win32-x86_64\bin\sunmscapi.dll
0x00007fff33210000 - 0x00007fff33377000 	C:\Windows\System32\CRYPT32.dll
0x00007fff32b70000 - 0x00007fff32b9e000 	C:\Windows\SYSTEM32\ncrypt.dll
0x00007fff32b30000 - 0x00007fff32b67000 	C:\Windows\SYSTEM32\NTASN1.dll
0x00007fff32a70000 - 0x00007fff32a8b000 	C:\Windows\SYSTEM32\CRYPTSP.dll
0x00007fff321a0000 - 0x00007fff321d5000 	C:\Windows\system32\rsaenh.dll
0x00007fff327c0000 - 0x00007fff327e8000 	C:\Windows\SYSTEM32\USERENV.dll
0x00007fff32a50000 - 0x00007fff32a5c000 	C:\Windows\SYSTEM32\CRYPTBASE.dll
0x00007fff31c40000 - 0x00007fff31c6d000 	C:\Windows\SYSTEM32\IPHLPAPI.DLL
0x00007fff34fb0000 - 0x00007fff34fb9000 	C:\Windows\System32\NSI.dll
0x00007fff2f910000 - 0x00007fff2f929000 	C:\Windows\SYSTEM32\dhcpcsvc6.DLL
0x00007fff2f890000 - 0x00007fff2f8af000 	C:\Windows\SYSTEM32\dhcpcsvc.DLL
0x00007fff31cb0000 - 0x00007fff31da8000 	C:\Windows\SYSTEM32\DNSAPI.dll

dbghelp: loaded successfully - version: 4.0.5 - missing functions: none
symbol engine: initialized successfully - sym options: 0x614 - pdb path: .;C:\Users\gabri\.vscode\extensions\redhat.java-1.31.0-win32-x64\jre\17.0.11-win32-x86_64\bin;C:\Windows\SYSTEM32;C:\Windows\WinSxS\amd64_microsoft.windows.common-controls_6595b64144ccf1df_6.0.22621.3672_none_2713b9d173822955;C:\Users\gabri\.vscode\extensions\redhat.java-1.31.0-win32-x64\jre\17.0.11-win32-x86_64\bin\server

VM Arguments:
jvm_args: -XX:+ShowCodeDetailsInExceptionMessages 
java_command: com.springdemo.cardapio.CardapioApplication
java_class_path (initial): C:\Users\gabri\OneDrive\Área de Trabalho\Trabalho\Computação\Java\Projetos\cardapio\backend\target\classes;C:\Users\gabri\.m2\repository\org\springframework\boot\spring-boot-starter-web\3.3.0\spring-boot-starter-web-3.3.0.jar;C:\Users\gabri\.m2\repository\org\springframework\boot\spring-boot-starter\3.3.0\spring-boot-starter-3.3.0.jar;C:\Users\gabri\.m2\repository\org\springframework\boot\spring-boot-starter-logging\3.3.0\spring-boot-starter-logging-3.3.0.jar;C:\Users\gabri\.m2\repository\ch\qos\logback\logback-classic\1.5.6\logback-classic-1.5.6.jar;C:\Users\gabri\.m2\repository\ch\qos\logback\logback-core\1.5.6\logback-core-1.5.6.jar;C:\Users\gabri\.m2\repository\org\apache\logging\log4j\log4j-to-slf4j\2.23.1\log4j-to-slf4j-2.23.1.jar;C:\Users\gabri\.m2\repository\org\apache\logging\log4j\log4j-api\2.23.1\log4j-api-2.23.1.jar;C:\Users\gabri\.m2\repository\org\slf4j\jul-to-slf4j\2.0.13\jul-to-slf4j-2.0.13.jar;C:\Users\gabri\.m2\repository\jakarta\annotation\jakarta.annotation-api\2.1.1\jakarta.annotation-api-2.1.1.jar;C:\Users\gabri\.m2\repository\org\yaml\snakeyaml\2.2\snakeyaml-2.2.jar;C:\Users\gabri\.m2\repository\org\springframework\boot\spring-boot-starter-json\3.3.0\spring-boot-starter-json-3.3.0.jar;C:\Users\gabri\.m2\repository\com\fasterxml\jackson\core\jackson-databind\2.17.1\jackson-databind-2.17.1.jar;C:\Users\gabri\.m2\repository\com\fasterxml\jackson\core\jackson-annotations\2.17.1\jackson-annotations-2.17.1.jar;C:\Users\gabri\.m2\repository\com\fasterxml\jackson\core\jackson-core\2.17.1\jackson-core-2.17.1.jar;C:\Users\gabri\.m2\repository\com\fasterxml\jackson\datatype\jackson-datatype-jdk8\2.17.1\jackson-datatype-jdk8-2.17.1.jar;C:\Users\gabri\.m2\repository\com\fasterxml\jackson\datatype\jackson-datatype-jsr310\2.17.1\jackson-datatype-jsr310-2.17.1.jar;C:\Users\gabri\.m2\repository\com\fasterxml\jackson\module\jackson-module-parameter-names\2.17.1\jackson-module-parameter-names-2.17.1.jar;C:\Users\gabri\.m2\repository\
Launcher Type: SUN_STANDARD

[Global flags]
     intx CICompilerCount                          = 4                                         {product} {ergonomic}
     uint ConcGCThreads                            = 2                                         {product} {ergonomic}
     uint G1ConcRefinementThreads                  = 8                                         {product} {ergonomic}
   size_t G1HeapRegionSize                         = 2097152                                   {product} {ergonomic}
    uintx GCDrainStackTargetSize                   = 64                                        {product} {ergonomic}
   size_t InitialHeapSize                          = 266338304                                 {product} {ergonomic}
   size_t MarkStackSize                            = 4194304                                   {product} {ergonomic}
   size_t MaxHeapSize                              = 4238344192                                {product} {ergonomic}
   size_t MaxNewSize                               = 2541748224                                {product} {ergonomic}
   size_t MinHeapDeltaBytes                        = 2097152                                   {product} {ergonomic}
   size_t MinHeapSize                              = 8388608                                   {product} {ergonomic}
    uintx NonNMethodCodeHeapSize                   = 5839372                                {pd product} {ergonomic}
    uintx NonProfiledCodeHeapSize                  = 122909434                              {pd product} {ergonomic}
    uintx ProfiledCodeHeapSize                     = 122909434                              {pd product} {ergonomic}
    uintx ReservedCodeCacheSize                    = 251658240                              {pd product} {ergonomic}
     bool SegmentedCodeCache                       = true                                      {product} {ergonomic}
     bool ShowCodeDetailsInExceptionMessages       = true                                   {manageable} {command line}
   size_t SoftMaxHeapSize                          = 4238344192                             {manageable} {ergonomic}
     bool UseCompressedClassPointers               = true                           {product lp64_product} {ergonomic}
     bool UseCompressedOops                        = true                           {product lp64_product} {ergonomic}
     bool UseG1GC                                  = true                                      {product} {ergonomic}
     bool UseLargePagesIndividualAllocation        = false                                  {pd product} {ergonomic}

Logging:
Log output configuration:
 #0: stdout all=warning uptime,level,tags
 #1: stderr all=off uptime,level,tags

Environment Variables:
PATH=C:\Program Files\Common Files\Oracle\Java\javapath;C:\Program Files (x86)\Common Files\Oracle\Java\java8path;C:\Program Files (x86)\Common Files\Oracle\Java\javapath;C:\Windows\system32;C:\Windows;C:\Windows\System32\Wbem;C:\Windows\System32\WindowsPowerShell\v1.0\;C:\Windows\System32\OpenSSH\;C:\Program Files (x86)\NVIDIA Corporation\PhysX\Common;C:\Program Files\NVIDIA Corporation\NVIDIA NvDLISR;C:\Program Files\Git\cmd;C:\sqlite;C:\Users\gabri\Downloads\apache-maven-3.9.6-bin\apache-maven-3.9.6\bin;C:\Program Files\PostgreSQL\16\bin;;C:\Program Files\Docker\Docker\resources\bin;C:\Program Files\nodejs\;C:\Users\gabri\AppData\Local\Programs\Python\Launcher\;C:\Users\gabri\AppData\Local\Microsoft\WindowsApps;C:\Users\gabri\AppData\Local\Programs\Microsoft VS Code\bin;C:\Program Files\JetBrains\PyCharm 2023.3.4\bin;;C:\Program Files\JetBrains\DataGrip 2024.1.4\bin;;C:\Program Files\Graphviz\bin;C:\Users\gabri\Downloads\spring-boot-cli-3.2.5-bin\spring-3.2.5\bin;C:\Users\gabri\AppData\Roaming\npm
USERNAME=gabriel
LANG=en_US.UTF-8
OS=Windows_NT
PROCESSOR_IDENTIFIER=Intel64 Family 6 Model 140 Stepping 1, GenuineIntel
TMP=C:\Users\gabri\AppData\Local\Temp
TEMP=C:\Users\gabri\AppData\Local\Temp



Periodic native trim disabled


---------------  S Y S T E M  ---------------

OS:
 Windows 11 , 64 bit Build 22621 (10.0.22621.3672)
OS uptime: 0 days 10:21 hours
Hyper-V role detected

CPU: total 8 (initial active 8) (4 cores per cpu, 2 threads per core) family 6 model 140 stepping 1 microcode 0xa4, cx8, cmov, fxsr, ht, mmx, 3dnowpref, sse, sse2, sse3, ssse3, sse4.1, sse4.2, popcnt, lzcnt, tsc, tscinvbit, avx, avx2, aes, erms, clmul, bmi1, bmi2, adx, avx512f, avx512dq, avx512cd, avx512bw, avx512vl, sha, fma, vzeroupper, avx512_vpopcntdq, avx512_vpclmulqdq, avx512_vaes, avx512_vnni, clflush, clflushopt, clwb, avx512_vbmi2, avx512_vbmi, hv
Processor Information for all 8 processors :
  Max Mhz: 3110, Current Mhz: 3110, Mhz Limit: 3110

Memory: 4k page, system-wide physical 16167M (5055M free)
TotalPageFile size 19921M (AvailPageFile size 3087M)
current process WorkingSet (physical memory assigned to process): 190M, peak: 190M
current process commit charge ("private bytes"): 225M, peak: 378M

vm_info: OpenJDK 64-Bit Server VM (17.0.11+9) for windows-amd64 JRE (17.0.11+9), built on Apr 17 2024 06:07:48 by "admin" with MS VC++ 16.10 / 16.11 (VS2019)

END.
